$ ./main

0 0.000000 0.000000 0.525840


1 0.000000 0.000000 0.525840


2 0.000000 0.000000 0.525840


3 0.000000 0.000000 0.525840


4 0.000000 0.000000 0.525840


5 0.000000 0.000000 0.525840


6 0.000000 0.000000 0.525840


7 0.000000 0.000000 0.525840


8 0.000000 0.000000 0.525840


9 0.000000 0.000000 0.525840


10 0.000000 0.000000 0.525840


11 0.000000 0.000000 0.525840


12 0.000000 0.000000 0.525840


13 0.000000 0.000000 0.525840


14 0.000000 0.000000 0.525840


15 0.000000 0.000000 0.525840


16 0.000000 0.000000 0.525840


17 0.000000 0.000000 0.525840


18 0.000000 0.000000 0.525840


19 0.000000 0.000000 0.525840


20 -1.420898 -0.136719 0.479520


21 -1.420898 -0.136719 0.479520


22 -1.420898 -0.136719 0.479520


23 -1.420898 -0.136719 0.479520


24 -1.420898 -0.136719 0.479520


25 -1.420898 -0.136719 0.479520


26 -1.420898 -0.136719 0.479520


27 -1.420898 -0.136719 0.479520


28 -1.420898 0.000000 0.411359


29 -1.420898 0.000000 0.411359


30 -1.420898 0.000000 0.411359


31 -1.420898 0.000000 0.411359


32 -1.420898 0.000000 0.411359


33 -1.420898 0.000000 0.411359


34 -1.420898 0.000000 0.411359


35 -1.420898 0.000000 0.411359


36 -1.420898 0.000000 0.411359


37 -1.420898 0.000000 0.411359


38 -1.420898 0.000000 0.411359


39 -1.420898 0.000000 0.411359


40 -1.420898 0.000000 0.411359


41 -1.420898 0.000000 0.411359


42 -1.420898 0.000000 0.411359


43 -1.420898 0.000000 0.411359


44 -1.420898 0.000000 0.411359


45 -1.420898 0.000000 0.411359


46 -1.420898 0.000000 0.411359


47 -1.318359 0.227051 0.350857


48 -1.318359 0.227051 0.350857


49 -0.458984 0.068359 0.306803


50 -0.458984 0.068359 0.306803


51 -0.458984 0.068359 0.306803


52 -0.458984 0.068359 0.306803


53 -0.458984 0.068359 0.306803


54 -0.458984 0.068359 0.306803


55 -0.458984 0.068359 0.306803


56 -0.458984 0.068359 0.306803


57 -0.458984 0.068359 0.306803


58 -0.458984 0.068359 0.306803


59 -0.458984 0.068359 0.306803


60 -0.458984 0.068359 0.306803


61 -0.458984 0.068359 0.306803


62 -0.458984 0.068359 0.306803


63 -0.458984 0.068359 0.306803


64 -0.458984 0.068359 0.306803


65 -0.458984 0.068359 0.306803


66 -0.458984 0.068359 0.306803


67 -0.458984 0.068359 0.306803


68 -0.458984 0.068359 0.306803


69 -0.458984 0.068359 0.306803


70 -0.458984 0.068359 0.306803


71 -0.458984 0.068359 0.306803


72 -0.458984 0.068359 0.306803


73 -0.458984 0.068359 0.306803


74 -0.458984 0.068359 0.306803


75 -0.458984 0.068359 0.306803


76 -0.458984 0.068359 0.306803


77 -0.458984 0.068359 0.306803


78 -0.458984 0.068359 0.306803


79 -0.458984 0.068359 0.306803


80 -0.458984 0.068359 0.306803


81 -0.458984 0.068359 0.306803


82 -0.458984 0.068359 0.306803


83 -0.458984 0.068359 0.306803


84 -0.458984 0.068359 0.306803


85 -0.458984 0.068359 0.306803


86 -0.458984 0.068359 0.306803


87 -0.561523 0.068359 0.283526


88 -0.561523 0.068359 0.283526


89 -0.561523 0.068359 0.283526


90 -0.561523 0.068359 0.283526


91 -0.561523 0.068359 0.283526


92 -0.561523 0.068359 0.283526


93 -0.561523 0.068359 0.283526


94 -0.561523 0.068359 0.283526


95 -0.561523 0.068359 0.283526


96 -0.561523 0.068359 0.283526


97 -0.561523 0.068359 0.283526


98 -0.561523 0.068359 0.283526


99 -0.561523 0.068359 0.283526


100 -0.561523 0.068359 0.283526


101 -0.561523 0.068359 0.283526


102 -0.561523 0.068359 0.283526


103 -0.561523 0.068359 0.283526


104 -0.561523 0.068359 0.283526


105 -0.561523 0.068359 0.283526


106 -0.561523 0.068359 0.283526


107 -0.561523 0.068359 0.283526


108 -0.561523 0.068359 0.283526


109 -0.561523 0.068359 0.283526


110 -0.561523 0.068359 0.283526


111 -0.561523 0.068359 0.283526


112 -0.561523 0.068359 0.283526


113 -0.561523 0.068359 0.283526


114 -0.561523 0.068359 0.283526


115 -0.561523 0.068359 0.283526


116 -0.561523 0.068359 0.283526


117 -0.668945 0.000000 0.280688


118 -0.668945 0.000000 0.280688


119 -0.668945 0.000000 0.280688


120 -0.668945 0.000000 0.280688


121 -0.668945 0.000000 0.280688


122 -0.883789 0.341797 0.256497


123 -0.883789 0.341797 0.256497


124 -0.883789 0.341797 0.256497


125 -0.883789 0.341797 0.256497


126 -0.883789 0.341797 0.256497


127 -0.883789 0.341797 0.256497


128 -0.883789 0.341797 0.256497


129 -0.883789 0.341797 0.256497


130 -0.883789 0.341797 0.256497


131 -0.883789 0.341797 0.256497


132 -0.883789 0.341797 0.256497


133 -0.883789 0.341797 0.256497


134 -0.883789 0.341797 0.256497


135 -0.883789 0.341797 0.256497


136 -0.883789 0.341797 0.256497


137 -0.883789 0.341797 0.256497


138 -0.883789 0.341797 0.256497


139 -0.883789 0.341797 0.256497


140 -0.883789 0.341797 0.256497


141 -0.883789 0.341797 0.256497


142 -0.883789 0.341797 0.256497


143 -0.883789 0.341797 0.256497


144 -0.883789 0.341797 0.256497


145 -0.883789 0.341797 0.256497


146 -0.883789 0.341797 0.256497


147 -0.883789 0.341797 0.256497


148 -0.883789 0.341797 0.256497


149 -0.883789 0.341797 0.256497


150 -0.883789 0.341797 0.256497


151 -0.883789 0.341797 0.256497


152 -0.883789 0.341797 0.256497


153 -0.883789 0.341797 0.256497


154 -0.883789 0.341797 0.256497


155 -0.883789 0.341797 0.256497


156 -0.883789 0.341797 0.256497


157 -0.883789 0.341797 0.256497


158 -0.883789 0.341797 0.256497


159 -0.883789 0.341797 0.256497


160 -0.883789 0.341797 0.256497


161 -0.883789 0.341797 0.256497


162 -0.883789 0.341797 0.256497


163 -0.883789 0.341797 0.256497


164 -0.883789 0.341797 0.256497


165 -0.883789 0.341797 0.256497


166 -0.883789 0.341797 0.256497


167 -0.883789 0.341797 0.256497


168 -0.883789 0.341797 0.256497


169 -0.883789 0.341797 0.256497


170 -0.742188 0.251465 0.250377


171 -0.742188 0.251465 0.250377


172 -0.742188 0.251465 0.250377


173 -0.742188 0.251465 0.250377


174 -0.742188 0.251465 0.250377


175 -0.742188 0.251465 0.250377


176 -0.742188 0.251465 0.250377


177 -0.742188 0.251465 0.250377


178 -0.742188 0.251465 0.250377


179 -0.742188 0.251465 0.250377


180 -0.742188 0.251465 0.250377


181 -0.742188 0.251465 0.250377


182 -0.742188 0.251465 0.250377


183 -0.742188 0.251465 0.250377


184 -0.742188 0.251465 0.250377


185 -0.742188 0.251465 0.250377


186 -0.742188 0.251465 0.250377


187 -0.742188 0.251465 0.250377


188 -0.742188 0.251465 0.250377


189 -0.742188 0.251465 0.250377


190 -0.742188 0.251465 0.250377


191 -0.742188 0.251465 0.250377


192 -0.742188 0.251465 0.250377


193 -0.742188 0.251465 0.250377


194 -0.742188 0.251465 0.250377


195 -0.742188 0.251465 0.250377


196 -0.800781 0.251465 0.249510


197 -0.800781 0.251465 0.249510


198 -0.800781 0.251465 0.249510


199 -0.800781 0.251465 0.249510


200 -0.800781 0.251465 0.249510


201 -0.800781 0.251465 0.249510


202 -0.800781 0.251465 0.249510


203 -0.800781 0.251465 0.249510


204 -0.800781 0.251465 0.249510


205 -0.800781 0.251465 0.249510


206 -0.781250 0.251465 0.249494


207 -0.781250 0.251465 0.249494


208 -0.781250 0.251465 0.249494


209 -0.781250 0.251465 0.249494


210 -0.781250 0.251465 0.249494


211 -0.781250 0.251465 0.249494


212 -0.781250 0.251465 0.249494


213 -0.781250 0.251465 0.249494


214 -0.781250 0.251465 0.249494


215 -0.781250 0.251465 0.249494


216 -0.781250 0.251465 0.249494


217 -0.781250 0.251465 0.249494


218 -0.781250 0.251465 0.249494


219 -0.781250 0.251465 0.249494


220 -0.781250 0.251465 0.249494


221 -0.781250 0.251465 0.249494


222 -0.781250 0.251465 0.249494


223 -0.781250 0.251465 0.249494


224 -0.781250 0.251465 0.249494


225 -0.781250 0.251465 0.249494


226 -0.781250 0.251465 0.249494


227 -0.781250 0.251465 0.249494


228 -0.781250 0.251465 0.249494


229 -0.781250 0.251465 0.249494


230 -0.781250 0.251465 0.249494


231 -0.781250 0.251465 0.249494


232 -0.781250 0.251465 0.249494


233 -0.781250 0.251465 0.249494


234 -0.781250 0.251465 0.249494


235 -0.781250 0.251465 0.249494


236 -0.781250 0.251465 0.249494


237 -0.781250 0.251465 0.249494


238 -0.781250 0.251465 0.249494


239 -0.781250 0.251465 0.249494


240 -0.781250 0.251465 0.249494


241 -0.781250 0.251465 0.249494


242 -0.781250 0.251465 0.249494


243 -0.781250 0.251465 0.249494


244 -0.781250 0.251465 0.249494


245 -0.781250 0.251465 0.249494


246 -0.781250 0.251465 0.249494


247 -0.781250 0.251465 0.249494


248 -0.781250 0.251465 0.249494


249 -0.781250 0.251465 0.249494


250 -0.781250 0.251465 0.249494


251 -0.781250 0.251465 0.249494


252 -0.781250 0.251465 0.249494


253 -0.781250 0.251465 0.249494


254 -0.781250 0.251465 0.249494


255 -0.781250 0.251465 0.249494


256 -0.781250 0.251465 0.249494


257 -0.781250 0.251465 0.249494


258 -0.781250 0.251465 0.249494


259 -0.781250 0.251465 0.249494


260 -0.781250 0.251465 0.249494


261 -0.781250 0.251465 0.249494


262 -0.781250 0.251465 0.249494


263 -0.781250 0.251465 0.249494


264 -0.781250 0.251465 0.249494


265 -0.781250 0.251465 0.249494


266 -0.781250 0.251465 0.249494


267 -0.781250 0.251465 0.249494


268 -0.781250 0.251465 0.249494


269 -0.781250 0.251465 0.249494


270 -0.781250 0.251465 0.249494


271 -0.781250 0.251465 0.249494


272 -0.781250 0.251465 0.249494


273 -0.781250 0.251465 0.249494


274 -0.781250 0.251465 0.249494


275 -0.781250 0.251465 0.249494


276 -0.781250 0.251465 0.249494


277 -0.781250 0.251465 0.249494


278 -0.781250 0.251465 0.249494


279 -0.781250 0.251465 0.249494


280 -0.781250 0.251465 0.249494


281 -0.781250 0.251465 0.249494


282 -0.781250 0.251465 0.249494


283 -0.781250 0.251465 0.249494


284 -0.781250 0.251465 0.249494


285 -0.781250 0.251465 0.249494


286 -0.781250 0.251465 0.249494


287 -0.781250 0.251465 0.249494


288 -0.781250 0.251465 0.249494


289 -0.781250 0.251465 0.249494


290 -0.781250 0.251465 0.249494


291 -0.781250 0.251465 0.249494


292 -0.781250 0.251465 0.249494


293 -0.781250 0.251465 0.249494


294 -0.781250 0.251465 0.249494


295 -0.781250 0.251465 0.249494


296 -0.781250 0.251465 0.249494


297 -0.781250 0.251465 0.249494


298 -0.781250 0.251465 0.249494


299 -0.781250 0.251465 0.249494


300 -0.781250 0.251465 0.249494


301 -0.781250 0.251465 0.249494


302 -0.781250 0.251465 0.249494


303 -0.781250 0.251465 0.249494


304 -0.781250 0.251465 0.249494


305 -0.781250 0.251465 0.249494


306 -0.781250 0.251465 0.249494


307 -0.781250 0.251465 0.249494


308 -0.781250 0.251465 0.249494


309 -0.781250 0.251465 0.249494


310 -0.781250 0.251465 0.249494


311 -0.781250 0.251465 0.249494


312 -0.781250 0.251465 0.249494


313 -0.781250 0.251465 0.249494


314 -0.781250 0.251465 0.249494


315 -0.781250 0.251465 0.249494


316 -0.781250 0.251465 0.249494


317 -0.781250 0.251465 0.249494


318 -0.781250 0.251465 0.249494


319 -0.781250 0.251465 0.249494


320 -0.781250 0.251465 0.249494


321 -0.781250 0.251465 0.249494


322 -0.781250 0.251465 0.249494


323 -0.781250 0.251465 0.249494


324 -0.781250 0.251465 0.249494


325 -0.781250 0.251465 0.249494


326 -0.781250 0.251465 0.249494


327 -0.781250 0.251465 0.249494


328 -0.781250 0.251465 0.249494


329 -0.781250 0.251465 0.249494


330 -0.781250 0.251465 0.249494


331 -0.781250 0.251465 0.249494


332 -0.781250 0.251465 0.249494


333 -0.781250 0.251465 0.249494


334 -0.781250 0.251465 0.249494


335 -0.781250 0.251465 0.249494


336 -0.781250 0.251465 0.249494


337 -0.781250 0.251465 0.249494


338 -0.781250 0.251465 0.249494


339 -0.781250 0.251465 0.249494


340 -0.781250 0.251465 0.249494


341 -0.781250 0.251465 0.249494


342 -0.781250 0.251465 0.249494


343 -0.781250 0.251465 0.249494


344 -0.781250 0.251465 0.249494


345 -0.781250 0.251465 0.249494


346 -0.781250 0.251465 0.249494


347 -0.781250 0.251465 0.249494


348 -0.781250 0.251465 0.249494


349 -0.781250 0.251465 0.249494


350 -0.781250 0.251465 0.249494


351 -0.781250 0.251465 0.249494


352 -0.781250 0.251465 0.249494


353 -0.781250 0.251465 0.249494


354 -0.781250 0.251465 0.249494


355 -0.781250 0.251465 0.249494


356 -0.781250 0.251465 0.249494


357 -0.781250 0.251465 0.249494


358 -0.781250 0.251465 0.249494


359 -0.781250 0.251465 0.249494


360 -0.781250 0.251465 0.249494


361 -0.781250 0.251465 0.249494


362 -0.781250 0.251465 0.249494


363 -0.781250 0.251465 0.249494


364 -0.781250 0.251465 0.249494


365 -0.781250 0.251465 0.249494


366 -0.781250 0.251465 0.249494


367 -0.781250 0.251465 0.249494


368 -0.781250 0.251465 0.249494


369 -0.781250 0.251465 0.249494


370 -0.781250 0.251465 0.249494


371 -0.781250 0.251465 0.249494


372 -0.781250 0.251465 0.249494


373 -0.781250 0.251465 0.249494


374 -0.781250 0.251465 0.249494


375 -0.781250 0.251465 0.249494


376 -0.781250 0.251465 0.249494


377 -0.781250 0.251465 0.249494


378 -0.781250 0.251465 0.249494


379 -0.781250 0.251465 0.249494


380 -0.781250 0.251465 0.249494


381 -0.781250 0.251465 0.249494


382 -0.781250 0.251465 0.249494


383 -0.781250 0.251465 0.249494


384 -0.781250 0.251465 0.249494


385 -0.781250 0.251465 0.249494


386 -0.781250 0.251465 0.249494


387 -0.781250 0.251465 0.249494


388 -0.781250 0.251465 0.249494


389 -0.781250 0.251465 0.249494


390 -0.781250 0.251465 0.249494


391 -0.781250 0.251465 0.249494


392 -0.781250 0.251465 0.249494


393 -0.781250 0.251465 0.249494


394 -0.781250 0.251465 0.249494


395 -0.781250 0.251465 0.249494


396 -0.781250 0.251465 0.249494


397 -0.781250 0.251465 0.249494


398 -0.781250 0.251465 0.249494


399 -0.781250 0.251465 0.249494


400 -0.781250 0.251465 0.249494


401 -0.781250 0.251465 0.249494


402 -0.781250 0.251465 0.249494


403 -0.781250 0.251465 0.249494


404 -0.781250 0.251465 0.249494


405 -0.781250 0.251465 0.249494


406 -0.781250 0.251465 0.249494


407 -0.781250 0.251465 0.249494


408 -0.781250 0.251465 0.249494


409 -0.781250 0.251465 0.249494


410 -0.781250 0.251465 0.249494


411 -0.781250 0.251465 0.249494


412 -0.781250 0.251465 0.249494


413 -0.781250 0.251465 0.249494


414 -0.781250 0.251465 0.249494


415 -0.781250 0.251465 0.249494


416 -0.781250 0.251465 0.249494


417 -0.781250 0.251465 0.249494


418 -0.781250 0.251465 0.249494


419 -0.781250 0.251465 0.249494


420 -0.781250 0.251465 0.249494


421 -0.781250 0.251465 0.249494


422 -0.781250 0.251465 0.249494


423 -0.781250 0.251465 0.249494


424 -0.781250 0.251465 0.249494


425 -0.781250 0.251465 0.249494


426 -0.781250 0.251465 0.249494


427 -0.781250 0.251465 0.249494


428 -0.781250 0.251465 0.249494


429 -0.781250 0.251465 0.249494


430 -0.781250 0.251465 0.249494


431 -0.781250 0.251465 0.249494


432 -0.781250 0.251465 0.249494


433 -0.781250 0.251465 0.249494


434 -0.781250 0.251465 0.249494


435 -0.781250 0.251465 0.249494


436 -0.781250 0.251465 0.249494


437 -0.781250 0.251465 0.249494


438 -0.781250 0.251465 0.249494


439 -0.781250 0.251465 0.249494


440 -0.781250 0.251465 0.249494


441 -0.781250 0.251465 0.249494


442 -0.781250 0.251465 0.249494


443 -0.781250 0.251465 0.249494


444 -0.781250 0.251465 0.249494


445 -0.781250 0.251465 0.249494


446 -0.781250 0.251465 0.249494


447 -0.781250 0.251465 0.249494


448 -0.781250 0.251465 0.249494


449 -0.781250 0.251465 0.249494


450 -0.781250 0.251465 0.249494


451 -0.781250 0.251465 0.249494


452 -0.781250 0.251465 0.249494


453 -0.781250 0.251465 0.249494


454 -0.781250 0.251465 0.249494


455 -0.781250 0.251465 0.249494


456 -0.781250 0.251465 0.249494


457 -0.781250 0.251465 0.249494


458 -0.781250 0.251465 0.249494


459 -0.781250 0.251465 0.249494


460 -0.781250 0.251465 0.249494


461 -0.781250 0.251465 0.249494


462 -0.781250 0.251465 0.249494


463 -0.781250 0.251465 0.249494


464 -0.781250 0.251465 0.249494


465 -0.781250 0.251465 0.249494


466 -0.781250 0.251465 0.249494


467 -0.781250 0.251465 0.249494


468 -0.781250 0.251465 0.249494


469 -0.781250 0.251465 0.249494


470 -0.781250 0.251465 0.249494


471 -0.781250 0.251465 0.249494


472 -0.781250 0.251465 0.249494


473 -0.781250 0.251465 0.249494


474 -0.781250 0.251465 0.249494


475 -0.781250 0.251465 0.249494


476 -0.781250 0.251465 0.249494


477 -0.781250 0.251465 0.249494


478 -0.781250 0.251465 0.249494


479 -0.781250 0.251465 0.249494


480 -0.781250 0.251465 0.249494


481 -0.781250 0.251465 0.249494


482 -0.781250 0.251465 0.249494


483 -0.781250 0.251465 0.249494


484 -0.781250 0.251465 0.249494


485 -0.781250 0.251465 0.249494


486 -0.781250 0.251465 0.249494


487 -0.781250 0.251465 0.249494


488 -0.781250 0.251465 0.249494


489 -0.781250 0.251465 0.249494


490 -0.781250 0.251465 0.249494


491 -0.781250 0.251465 0.249494


492 -0.781250 0.251465 0.249494


493 -0.781250 0.251465 0.249494


494 -0.781250 0.251465 0.249494


495 -0.781250 0.251465 0.249494


496 -0.781250 0.251465 0.249494


497 -0.781250 0.251465 0.249494


498 -0.781250 0.251465 0.249494


499 -0.781250 0.251465 0.249494


500 -0.781250 0.251465 0.249494


501 -0.781250 0.251465 0.249494


502 -0.781250 0.251465 0.249494


503 -0.781250 0.251465 0.249494


504 -0.781250 0.251465 0.249494


505 -0.781250 0.251465 0.249494


506 -0.781250 0.251465 0.249494


507 -0.781250 0.251465 0.249494


508 -0.781250 0.251465 0.249494


509 -0.781250 0.251465 0.249494


510 -0.781250 0.251465 0.249494


511 -0.781250 0.251465 0.249494


512 -0.781250 0.251465 0.249494


513 -0.781250 0.251465 0.249494


514 -0.781250 0.251465 0.249494


515 -0.781250 0.251465 0.249494


516 -0.781250 0.251465 0.249494


517 -0.781250 0.251465 0.249494


518 -0.781250 0.251465 0.249494


519 -0.781250 0.251465 0.249494


520 -0.781250 0.251465 0.249494


521 -0.781250 0.251465 0.249494


522 -0.781250 0.251465 0.249494


523 -0.781250 0.251465 0.249494


524 -0.781250 0.251465 0.249494


525 -0.781250 0.251465 0.249494


526 -0.781250 0.251465 0.249494


527 -0.781250 0.251465 0.249494


528 -0.781250 0.251465 0.249494


529 -0.781250 0.251465 0.249494


530 -0.781250 0.251465 0.249494


531 -0.791016 0.251465 0.249464


532 -0.791016 0.251465 0.249464


533 -0.791016 0.251465 0.249464


534 -0.791016 0.251465 0.249464


535 -0.791016 0.251465 0.249464


536 -0.791016 0.251465 0.249464


537 -0.791016 0.251465 0.249464


538 -0.791016 0.251465 0.249464


539 -0.791016 0.251465 0.249464


540 -0.791016 0.251465 0.249464


541 -0.791016 0.251465 0.249464


542 -0.791016 0.251465 0.249464


543 -0.791016 0.251465 0.249464


544 -0.791016 0.251465 0.249464


545 -0.791016 0.251465 0.249464


546 -0.791016 0.251465 0.249464


547 -0.791016 0.251465 0.249464


548 -0.791016 0.251465 0.249464


549 -0.791016 0.251465 0.249464


550 -0.791016 0.251465 0.249464


551 -0.791016 0.251465 0.249464


552 -0.791016 0.251465 0.249464


553 -0.791016 0.251465 0.249464


554 -0.791016 0.251465 0.249464


555 -0.791016 0.251465 0.249464


556 -0.791016 0.251465 0.249464


557 -0.791016 0.251465 0.249464


558 -0.791016 0.251465 0.249464


559 -0.791016 0.251465 0.249464


560 -0.791016 0.251465 0.249464


561 -0.791016 0.251465 0.249464


562 -0.791016 0.251465 0.249464


563 -0.791016 0.251465 0.249464


564 -0.791016 0.251465 0.249464


565 -0.791016 0.251465 0.249464


566 -0.791016 0.251465 0.249464


567 -0.791016 0.251465 0.249464


568 -0.791016 0.251465 0.249464


569 -0.791016 0.251465 0.249464


570 -0.791016 0.251465 0.249464


571 -0.791016 0.251465 0.249464


572 -0.791016 0.251465 0.249464


573 -0.791016 0.251465 0.249464


574 -0.791016 0.251465 0.249464


575 -0.791016 0.251465 0.249464


576 -0.791016 0.251465 0.249464


577 -0.791016 0.251465 0.249464


578 -0.791016 0.251465 0.249464


579 -0.791016 0.251465 0.249464


580 -0.791016 0.251465 0.249464


581 -0.791016 0.251465 0.249464


582 -0.791016 0.251465 0.249464


583 -0.791016 0.251465 0.249464


584 -0.791016 0.251465 0.249464


585 -0.791016 0.251465 0.249464


586 -0.791016 0.251465 0.249464


587 -0.791016 0.251465 0.249464


588 -0.791016 0.251465 0.249464


589 -0.791016 0.251465 0.249464


590 -0.791016 0.251465 0.249464


591 -0.791016 0.251465 0.249464


592 -0.791016 0.251465 0.249464


593 -0.791016 0.251465 0.249464


594 -0.791016 0.251465 0.249464


595 -0.791016 0.251465 0.249464


596 -0.791016 0.251465 0.249464


597 -0.791016 0.251465 0.249464


598 -0.791016 0.251465 0.249464


599 -0.791016 0.251465 0.249464


600 -0.791016 0.251465 0.249464


601 -0.791016 0.251465 0.249464


602 -0.791016 0.251465 0.249464


603 -0.791016 0.251465 0.249464


604 -0.791016 0.251465 0.249464


605 -0.791016 0.251465 0.249464


606 -0.791016 0.251465 0.249464


607 -0.791016 0.251465 0.249464


608 -0.791016 0.251465 0.249464


609 -0.791016 0.251465 0.249464


610 -0.791016 0.251465 0.249464


611 -0.791016 0.251465 0.249464


612 -0.791016 0.251465 0.249464


613 -0.791016 0.251465 0.249464


614 -0.791016 0.251465 0.249464


615 -0.791016 0.251465 0.249464


616 -0.791016 0.251465 0.249464


617 -0.791016 0.251465 0.249464


618 -0.791016 0.251465 0.249464


619 -0.791016 0.251465 0.249464


620 -0.791016 0.251465 0.249464


621 -0.791016 0.251465 0.249464


622 -0.791016 0.251465 0.249464


623 -0.791016 0.251465 0.249464


624 -0.791016 0.251465 0.249464


625 -0.791016 0.251465 0.249464


626 -0.791016 0.251465 0.249464


627 -0.791016 0.251465 0.249464


628 -0.791016 0.251465 0.249464


629 -0.791016 0.251465 0.249464


630 -0.791016 0.251465 0.249464


631 -0.791016 0.251465 0.249464


632 -0.791016 0.251465 0.249464


633 -0.791016 0.251465 0.249464


634 -0.791016 0.251465 0.249464


635 -0.791016 0.251465 0.249464


636 -0.791016 0.251465 0.249464


637 -0.791016 0.251465 0.249464


638 -0.791016 0.251465 0.249464


639 -0.791016 0.251465 0.249464


640 -0.791016 0.251465 0.249464


641 -0.791016 0.251465 0.249464


642 -0.791016 0.251465 0.249464


643 -0.791016 0.251465 0.249464


644 -0.791016 0.251465 0.249464


645 -0.791016 0.251465 0.249464


646 -0.791016 0.251465 0.249464


647 -0.791016 0.251465 0.249464


648 -0.791016 0.251465 0.249464


649 -0.791016 0.251465 0.249464


650 -0.791016 0.251465 0.249464


651 -0.791016 0.251465 0.249464


652 -0.791016 0.251465 0.249464


653 -0.791016 0.251465 0.249464


654 -0.791016 0.251465 0.249464


655 -0.791016 0.251465 0.249464


656 -0.791016 0.251465 0.249464


657 -0.791016 0.251465 0.249464


658 -0.791016 0.251465 0.249464


659 -0.791016 0.251465 0.249464


660 -0.791016 0.251465 0.249464


661 -0.791016 0.251465 0.249464


662 -0.791016 0.251465 0.249464


663 -0.791016 0.251465 0.249464


664 -0.791016 0.251465 0.249464


665 -0.791016 0.251465 0.249464


666 -0.791016 0.251465 0.249464


667 -0.791016 0.251465 0.249464


668 -0.791016 0.251465 0.249464


669 -0.791016 0.251465 0.249464


670 -0.791016 0.251465 0.249464


671 -0.791016 0.251465 0.249464


672 -0.791016 0.251465 0.249464


673 -0.791016 0.251465 0.249464


674 -0.791016 0.251465 0.249464


675 -0.791016 0.251465 0.249464


676 -0.791016 0.251465 0.249464


677 -0.791016 0.251465 0.249464


678 -0.791016 0.251465 0.249464


679 -0.791016 0.251465 0.249464


680 -0.791016 0.251465 0.249464


681 -0.791016 0.251465 0.249464


682 -0.791016 0.251465 0.249464


683 -0.791016 0.251465 0.249464


684 -0.791016 0.251465 0.249464


685 -0.791016 0.251465 0.249464


686 -0.791016 0.251465 0.249464


687 -0.791016 0.251465 0.249464


688 -0.791016 0.251465 0.249464


689 -0.791016 0.251465 0.249464


690 -0.791016 0.251465 0.249464


691 -0.791016 0.251465 0.249464


692 -0.791016 0.251465 0.249464


693 -0.791016 0.251465 0.249464


694 -0.791016 0.251465 0.249464


695 -0.791016 0.251465 0.249464


696 -0.791016 0.251465 0.249464


697 -0.791016 0.251465 0.249464


698 -0.791016 0.251465 0.249464


699 -0.791016 0.251465 0.249464


700 -0.791016 0.251465 0.249464


701 -0.791016 0.251465 0.249464


702 -0.791016 0.251465 0.249464


703 -0.791016 0.251465 0.249464


704 -0.791016 0.251465 0.249464


705 -0.791016 0.251465 0.249464


706 -0.791016 0.251465 0.249464


707 -0.791016 0.251465 0.249464


708 -0.791016 0.251465 0.249464


709 -0.791016 0.251465 0.249464


710 -0.791016 0.251465 0.249464


711 -0.791016 0.251465 0.249464


712 -0.791016 0.251465 0.249464


713 -0.791016 0.251465 0.249464


714 -0.791016 0.251465 0.249464


715 -0.791016 0.251465 0.249464


716 -0.791016 0.251465 0.249464


717 -0.791016 0.251465 0.249464


718 -0.791016 0.251465 0.249464


719 -0.791016 0.251465 0.249464


720 -0.791016 0.251465 0.249464


721 -0.791016 0.251465 0.249464


722 -0.791016 0.251465 0.249464


723 -0.791016 0.251465 0.249464


724 -0.791016 0.251465 0.249464


725 -0.791016 0.251465 0.249464


726 -0.791016 0.251465 0.249464


727 -0.791016 0.251465 0.249464


728 -0.791016 0.251465 0.249464


729 -0.791016 0.251465 0.249464


730 -0.791016 0.251465 0.249464


731 -0.791016 0.251465 0.249464


732 -0.791016 0.251465 0.249464


733 -0.791016 0.251465 0.249464


734 -0.791016 0.251465 0.249464


735 -0.791016 0.251465 0.249464


736 -0.791016 0.251465 0.249464


737 -0.791016 0.251465 0.249464


738 -0.791016 0.251465 0.249464


739 -0.791016 0.251465 0.249464


740 -0.791016 0.251465 0.249464


741 -0.791016 0.251465 0.249464


742 -0.791016 0.251465 0.249464


743 -0.791016 0.251465 0.249464


744 -0.791016 0.251465 0.249464


745 -0.791016 0.251465 0.249464


746 -0.791016 0.251465 0.249464


747 -0.791016 0.251465 0.249464


748 -0.791016 0.251465 0.249464


749 -0.791016 0.251465 0.249464


750 -0.791016 0.251465 0.249464


751 -0.791016 0.251465 0.249464


752 -0.791016 0.251465 0.249464


753 -0.791016 0.251465 0.249464


754 -0.791016 0.251465 0.249464


755 -0.791016 0.251465 0.249464


756 -0.791016 0.251465 0.249464


757 -0.791016 0.251465 0.249464


758 -0.791016 0.251465 0.249464


759 -0.791016 0.251465 0.249464


760 -0.791016 0.251465 0.249464


761 -0.791016 0.251465 0.249464


762 -0.791016 0.251465 0.249464


763 -0.791016 0.251465 0.249464


764 -0.791016 0.251465 0.249464


765 -0.791016 0.251465 0.249464


766 -0.791016 0.251465 0.249464


767 -0.791016 0.251465 0.249464


768 -0.791016 0.251465 0.249464


769 -0.791016 0.251465 0.249464


770 -0.791016 0.251465 0.249464


771 -0.791016 0.251465 0.249464


772 -0.791016 0.251465 0.249464


773 -0.791016 0.251465 0.249464


774 -0.791016 0.251465 0.249464


775 -0.791016 0.251465 0.249464


776 -0.791016 0.251465 0.249464


777 -0.791016 0.251465 0.249464


778 -0.791016 0.251465 0.249464


779 -0.791016 0.251465 0.249464


780 -0.791016 0.251465 0.249464


781 -0.791016 0.251465 0.249464


782 -0.791016 0.251465 0.249464


783 -0.791016 0.251465 0.249464


784 -0.791016 0.251465 0.249464


785 -0.791016 0.251465 0.249464


786 -0.791016 0.251465 0.249464


787 -0.791016 0.251465 0.249464


788 -0.791016 0.251465 0.249464


789 -0.791016 0.251465 0.249464


790 -0.791016 0.251465 0.249464


791 -0.791016 0.251465 0.249464


792 -0.791016 0.251465 0.249464


793 -0.791016 0.251465 0.249464


794 -0.791016 0.251465 0.249464


795 -0.791016 0.251465 0.249464


796 -0.791016 0.251465 0.249464


797 -0.791016 0.251465 0.249464


798 -0.791016 0.251465 0.249464


799 -0.791016 0.251465 0.249464


800 -0.791016 0.251465 0.249464


801 -0.791016 0.251465 0.249464


802 -0.791016 0.251465 0.249464


803 -0.791016 0.251465 0.249464


804 -0.791016 0.251465 0.249464


805 -0.791016 0.251465 0.249464


806 -0.791016 0.251465 0.249464


807 -0.791016 0.251465 0.249464


808 -0.791016 0.251465 0.249464


809 -0.791016 0.251465 0.249464


810 -0.791016 0.251465 0.249464


811 -0.791016 0.251465 0.249464


812 -0.791016 0.251465 0.249464


813 -0.791016 0.251465 0.249464


814 -0.791016 0.251465 0.249464


815 -0.791016 0.251465 0.249464


816 -0.791016 0.251465 0.249464


817 -0.791016 0.251465 0.249464


818 -0.791016 0.251465 0.249464


819 -0.791016 0.251465 0.249464


820 -0.791016 0.251465 0.249464


821 -0.791016 0.251465 0.249464


822 -0.791016 0.251465 0.249464


823 -0.791016 0.251465 0.249464


824 -0.791016 0.251465 0.249464


825 -0.791016 0.251465 0.249464


826 -0.791016 0.251465 0.249464


827 -0.791016 0.251465 0.249464


828 -0.791016 0.251465 0.249464


829 -0.791016 0.251465 0.249464


830 -0.791016 0.251465 0.249464


831 -0.791016 0.251465 0.249464


832 -0.791016 0.251465 0.249464


833 -0.791016 0.251465 0.249464


834 -0.791016 0.251465 0.249464


835 -0.791016 0.251465 0.249464


836 -0.791016 0.251465 0.249464


837 -0.791016 0.251465 0.249464


838 -0.791016 0.251465 0.249464


839 -0.791016 0.251465 0.249464


840 -0.791016 0.251465 0.249464


841 -0.791016 0.251465 0.249464


842 -0.791016 0.251465 0.249464


843 -0.791016 0.251465 0.249464


844 -0.791016 0.251465 0.249464


845 -0.791016 0.251465 0.249464


846 -0.791016 0.251465 0.249464


847 -0.791016 0.251465 0.249464


848 -0.791016 0.251465 0.249464


849 -0.791016 0.251465 0.249464


850 -0.791016 0.251465 0.249464


851 -0.791016 0.251465 0.249464


852 -0.791016 0.251465 0.249464


853 -0.791016 0.251465 0.249464


854 -0.791016 0.251465 0.249464


855 -0.791016 0.251465 0.249464


856 -0.791016 0.251465 0.249464


857 -0.791016 0.251465 0.249464


858 -0.791016 0.251465 0.249464


859 -0.791016 0.251465 0.249464


860 -0.791016 0.251465 0.249464


861 -0.791016 0.251465 0.249464


862 -0.791016 0.251465 0.249464


863 -0.791016 0.251465 0.249464


864 -0.791016 0.251465 0.249464


865 -0.791016 0.251465 0.249464


866 -0.791016 0.251465 0.249464


867 -0.791016 0.251465 0.249464


868 -0.791016 0.251465 0.249464


869 -0.791016 0.251465 0.249464


870 -0.791016 0.251465 0.249464


871 -0.791016 0.251465 0.249464


872 -0.791016 0.251465 0.249464


873 -0.791016 0.251465 0.249464


874 -0.791016 0.251465 0.249464


875 -0.791016 0.251465 0.249464


876 -0.791016 0.251465 0.249464


877 -0.791016 0.251465 0.249464


878 -0.791016 0.251465 0.249464


879 -0.791016 0.251465 0.249464


880 -0.791016 0.251465 0.249464


881 -0.791016 0.251465 0.249464


882 -0.791016 0.251465 0.249464


883 -0.791016 0.251465 0.249464


884 -0.791016 0.251465 0.249464


885 -0.791016 0.251465 0.249464


886 -0.791016 0.251465 0.249464


887 -0.791016 0.251465 0.249464


888 -0.791016 0.251465 0.249464


889 -0.791016 0.251465 0.249464


890 -0.791016 0.251465 0.249464


891 -0.791016 0.251465 0.249464


892 -0.791016 0.251465 0.249464


893 -0.791016 0.251465 0.249464


894 -0.791016 0.251465 0.249464


895 -0.791016 0.251465 0.249464


896 -0.791016 0.251465 0.249464


897 -0.791016 0.251465 0.249464


898 -0.791016 0.251465 0.249464


899 -0.791016 0.251465 0.249464


900 -0.791016 0.251465 0.249464


901 -0.791016 0.251465 0.249464


902 -0.791016 0.251465 0.249464


903 -0.791016 0.251465 0.249464


904 -0.791016 0.251465 0.249464


905 -0.791016 0.251465 0.249464


906 -0.791016 0.251465 0.249464


907 -0.791016 0.251465 0.249464


908 -0.791016 0.251465 0.249464


909 -0.791016 0.251465 0.249464


910 -0.791016 0.251465 0.249464


911 -0.791016 0.251465 0.249464


912 -0.791016 0.251465 0.249464


913 -0.791016 0.251465 0.249464


914 -0.791016 0.251465 0.249464


915 -0.791016 0.251465 0.249464


916 -0.791016 0.251465 0.249464


917 -0.791016 0.251465 0.249464


918 -0.791016 0.251465 0.249464


919 -0.791016 0.251465 0.249464


920 -0.791016 0.251465 0.249464


921 -0.791016 0.251465 0.249464


922 -0.791016 0.251465 0.249464


923 -0.791016 0.251465 0.249464


924 -0.791016 0.251465 0.249464


925 -0.791016 0.251465 0.249464


926 -0.791016 0.251465 0.249464


927 -0.791016 0.251465 0.249464


928 -0.791016 0.251465 0.249464


929 -0.791016 0.251465 0.249464


930 -0.791016 0.251465 0.249464


931 -0.791016 0.251465 0.249464


932 -0.791016 0.251465 0.249464


933 -0.791016 0.251465 0.249464


934 -0.791016 0.251465 0.249464


935 -0.791016 0.251465 0.249464


936 -0.791016 0.251465 0.249464


937 -0.791016 0.251465 0.249464


938 -0.791016 0.251465 0.249464


939 -0.791016 0.251465 0.249464


940 -0.791016 0.251465 0.249464


941 -0.791016 0.251465 0.249464


942 -0.791016 0.251465 0.249464


943 -0.791016 0.251465 0.249464


944 -0.791016 0.251465 0.249464


945 -0.791016 0.251465 0.249464


946 -0.791016 0.251465 0.249464


947 -0.791016 0.251465 0.249464


948 -0.791016 0.251465 0.249464


949 -0.791016 0.251465 0.249464


950 -0.791016 0.251465 0.249464


951 -0.791016 0.251465 0.249464


952 -0.791016 0.251465 0.249464


953 -0.791016 0.251465 0.249464


954 -0.791016 0.251465 0.249464


955 -0.791016 0.251465 0.249464


956 -0.791016 0.251465 0.249464


957 -0.791016 0.251465 0.249464


958 -0.791016 0.251465 0.249464


959 -0.791016 0.251465 0.249464


960 -0.791016 0.251465 0.249464


961 -0.791016 0.251465 0.249464


962 -0.791016 0.251465 0.249464


963 -0.791016 0.251465 0.249464


964 -0.791016 0.251465 0.249464


965 -0.791016 0.251465 0.249464


966 -0.791016 0.251465 0.249464


967 -0.791016 0.251465 0.249464


968 -0.791016 0.251465 0.249464


969 -0.791016 0.251465 0.249464


970 -0.791016 0.251465 0.249464


971 -0.791016 0.251465 0.249464


972 -0.791016 0.251465 0.249464


973 -0.791016 0.251465 0.249464


974 -0.791016 0.251465 0.249464


975 -0.791016 0.251465 0.249464


976 -0.791016 0.251465 0.249464


977 -0.791016 0.251465 0.249464


978 -0.791016 0.251465 0.249464


979 -0.791016 0.251465 0.249464


980 -0.791016 0.251465 0.249464


981 -0.791016 0.251465 0.249464


982 -0.791016 0.251465 0.249464


983 -0.791016 0.251465 0.249464


984 -0.791016 0.251465 0.249464


985 -0.791016 0.251465 0.249464


986 -0.791016 0.251465 0.249464


987 -0.791016 0.251465 0.249464


988 -0.791016 0.251465 0.249464


989 -0.791016 0.251465 0.249464


990 -0.791016 0.251465 0.249464


991 -0.791016 0.251465 0.249464


992 -0.791016 0.251465 0.249464


993 -0.791016 0.251465 0.249464


994 -0.791016 0.251465 0.249464


995 -0.791016 0.251465 0.249464


996 -0.791016 0.251465 0.249464


997 -0.791016 0.251465 0.249464


998 -0.791016 0.251465 0.249464


999 -0.791016 0.251465 0.249464


1000 -0.791016 0.251465 0.249464


1001 -0.791016 0.251465 0.249464


1002 -0.791016 0.251465 0.249464


1003 -0.791016 0.251465 0.249464


1004 -0.791016 0.251465 0.249464


1005 -0.791016 0.251465 0.249464


1006 -0.791016 0.251465 0.249464


1007 -0.791016 0.251465 0.249464


1008 -0.791016 0.251465 0.249464


1009 -0.791016 0.251465 0.249464


1010 -0.791016 0.251465 0.249464


1011 -0.791016 0.251465 0.249464


1012 -0.791016 0.251465 0.249464


1013 -0.791016 0.251465 0.249464


1014 -0.791016 0.251465 0.249464


1015 -0.791016 0.251465 0.249464


1016 -0.788574 0.244141 0.249458


1017 -0.788574 0.244141 0.249458


1018 -0.788574 0.244141 0.249458


1019 -0.788574 0.244141 0.249458


1020 -0.788574 0.244141 0.249458


1021 -0.788574 0.244141 0.249458


1022 -0.788574 0.244141 0.249458


1023 -0.788574 0.244141 0.249458


1024 -0.788574 0.244141 0.249458


1025 -0.788574 0.244141 0.249458


1026 -0.791016 0.244141 0.249458


1027 -0.791016 0.244141 0.249458


1028 -0.791016 0.244141 0.249458


1029 -0.791016 0.244141 0.249458


1030 -0.791016 0.244141 0.249458


1031 -0.791016 0.244141 0.249458


1032 -0.791016 0.244141 0.249458


1033 -0.791016 0.244141 0.249458


1034 -0.791016 0.244141 0.249458


1035 -0.791016 0.244141 0.249458


1036 -0.791016 0.244141 0.249458


1037 -0.791016 0.244141 0.249458


1038 -0.791016 0.244141 0.249458


1039 -0.791016 0.244141 0.249458


1040 -0.791016 0.244141 0.249458


1041 -0.791016 0.244141 0.249458


1042 -0.791016 0.244141 0.249458


1043 -0.791016 0.244141 0.249458


1044 -0.791016 0.244141 0.249458


1045 -0.791016 0.244141 0.249458


1046 -0.791016 0.244141 0.249458


1047 -0.791016 0.244141 0.249458


1048 -0.791016 0.244141 0.249458


1049 -0.791016 0.244141 0.249458


1050 -0.791016 0.244141 0.249458


1051 -0.791016 0.244141 0.249458


1052 -0.791016 0.244141 0.249458


1053 -0.791016 0.244141 0.249458


1054 -0.791016 0.244141 0.249458


1055 -0.791016 0.244141 0.249458


1056 -0.791016 0.244141 0.249458


1057 -0.791016 0.244141 0.249458


1058 -0.791016 0.244141 0.249458


1059 -0.791016 0.244141 0.249458


1060 -0.791016 0.244141 0.249458


1061 -0.791016 0.244141 0.249458


1062 -0.791016 0.244141 0.249458


1063 -0.791016 0.244141 0.249458


1064 -0.791016 0.244141 0.249458


1065 -0.791016 0.244141 0.249458


1066 -0.791016 0.244141 0.249458


1067 -0.791016 0.244141 0.249458


1068 -0.791016 0.244141 0.249458


1069 -0.791016 0.244141 0.249458


1070 -0.791016 0.244141 0.249458


1071 -0.791016 0.244141 0.249458


1072 -0.791016 0.244141 0.249458


1073 -0.791016 0.244141 0.249458


1074 -0.791016 0.244141 0.249458


1075 -0.791016 0.244141 0.249458


1076 -0.791016 0.244141 0.249458


1077 -0.791016 0.244141 0.249458


1078 -0.791016 0.244141 0.249458


1079 -0.791016 0.244141 0.249458


1080 -0.791016 0.244141 0.249458


1081 -0.791016 0.244141 0.249458


1082 -0.791016 0.244141 0.249458


1083 -0.791016 0.244141 0.249458


1084 -0.791016 0.244141 0.249458


1085 -0.791016 0.244141 0.249458


1086 -0.791016 0.244141 0.249458


1087 -0.791016 0.244141 0.249458


1088 -0.791016 0.244141 0.249458


1089 -0.791016 0.244141 0.249458


1090 -0.791016 0.244141 0.249458


1091 -0.791016 0.244141 0.249458


1092 -0.791016 0.244141 0.249458


1093 -0.791016 0.244141 0.249458


1094 -0.791016 0.244141 0.249458


1095 -0.791016 0.244141 0.249458


1096 -0.791016 0.244141 0.249458


1097 -0.791016 0.244141 0.249458


1098 -0.791016 0.244141 0.249458


1099 -0.791016 0.244141 0.249458


1100 -0.791016 0.244141 0.249458


1101 -0.791016 0.244141 0.249458


1102 -0.791016 0.244141 0.249458


1103 -0.791016 0.244141 0.249458


1104 -0.791016 0.244141 0.249458


1105 -0.791016 0.244141 0.249458


1106 -0.791016 0.244141 0.249458


1107 -0.791016 0.244141 0.249458


1108 -0.791016 0.244141 0.249458


1109 -0.791016 0.244141 0.249458


1110 -0.791016 0.244141 0.249458


1111 -0.791016 0.244141 0.249458


1112 -0.791016 0.244141 0.249458


1113 -0.791016 0.244141 0.249458


1114 -0.791016 0.244141 0.249458


1115 -0.791016 0.244141 0.249458


1116 -0.791016 0.244141 0.249458


1117 -0.791016 0.244141 0.249458


1118 -0.791016 0.244141 0.249458


1119 -0.791016 0.244141 0.249458


1120 -0.791016 0.244141 0.249458


1121 -0.791016 0.244141 0.249458


1122 -0.791016 0.244141 0.249458


1123 -0.791016 0.244141 0.249458


1124 -0.791016 0.244141 0.249458


1125 -0.791016 0.244141 0.249458


1126 -0.791016 0.244141 0.249458


1127 -0.791016 0.244141 0.249458


1128 -0.791016 0.244141 0.249458


1129 -0.791016 0.244141 0.249458


1130 -0.791016 0.244141 0.249458


1131 -0.791016 0.244141 0.249458


1132 -0.791016 0.244141 0.249458


1133 -0.791016 0.244141 0.249458


1134 -0.791016 0.244141 0.249458


1135 -0.791016 0.244141 0.249458


1136 -0.791016 0.244141 0.249458


1137 -0.791016 0.244141 0.249458


1138 -0.791016 0.244141 0.249458


1139 -0.791016 0.244141 0.249458


1140 -0.791016 0.244141 0.249458


1141 -0.791016 0.244141 0.249458


1142 -0.791016 0.244141 0.249458


1143 -0.791016 0.244141 0.249458


1144 -0.791016 0.244141 0.249458


1145 -0.791016 0.244141 0.249458


1146 -0.791016 0.244141 0.249458


1147 -0.791016 0.244141 0.249458


1148 -0.791016 0.244141 0.249458


1149 -0.791016 0.244141 0.249458


1150 -0.791016 0.244141 0.249458


1151 -0.791016 0.244141 0.249458


1152 -0.791016 0.244141 0.249458


1153 -0.791016 0.244141 0.249458


1154 -0.791016 0.244141 0.249458


1155 -0.791016 0.244141 0.249458


1156 -0.791016 0.244141 0.249458


1157 -0.791016 0.244141 0.249458


1158 -0.791016 0.244141 0.249458


1159 -0.791016 0.244141 0.249458


1160 -0.791016 0.244141 0.249458


1161 -0.791016 0.244141 0.249458


1162 -0.791016 0.244141 0.249458


1163 -0.791016 0.244141 0.249458


1164 -0.791016 0.244141 0.249458


1165 -0.791016 0.244141 0.249458


1166 -0.791016 0.244141 0.249458


1167 -0.791016 0.244141 0.249458


1168 -0.791016 0.244141 0.249458


1169 -0.791016 0.244141 0.249458


1170 -0.791016 0.244141 0.249458


1171 -0.791016 0.244141 0.249458


1172 -0.791016 0.244141 0.249458


1173 -0.791016 0.244141 0.249458


1174 -0.791016 0.244141 0.249458


1175 -0.791016 0.244141 0.249458


1176 -0.791016 0.244141 0.249458


1177 -0.791016 0.244141 0.249458


1178 -0.791016 0.244141 0.249458


1179 -0.791016 0.244141 0.249458


1180 -0.791016 0.244141 0.249458


1181 -0.791016 0.244141 0.249458


1182 -0.791016 0.244141 0.249458


1183 -0.791016 0.244141 0.249458


1184 -0.791016 0.244141 0.249458


1185 -0.791016 0.244141 0.249458


1186 -0.791016 0.244141 0.249458


1187 -0.791016 0.244141 0.249458


1188 -0.791016 0.244141 0.249458


1189 -0.791016 0.244141 0.249458


1190 -0.791016 0.244141 0.249458


1191 -0.791016 0.244141 0.249458


1192 -0.791016 0.244141 0.249458


1193 -0.791016 0.244141 0.249458


1194 -0.791016 0.244141 0.249458


1195 -0.791016 0.244141 0.249458


1196 -0.791016 0.244141 0.249458


1197 -0.791016 0.244141 0.249458


1198 -0.791016 0.244141 0.249458


1199 -0.791016 0.244141 0.249458


1200 -0.791016 0.244141 0.249458


1201 -0.791016 0.244141 0.249458


1202 -0.791016 0.244141 0.249458


1203 -0.791016 0.244141 0.249458


1204 -0.791016 0.244141 0.249458


1205 -0.791016 0.244141 0.249458


1206 -0.791016 0.244141 0.249458


1207 -0.791016 0.244141 0.249458


1208 -0.791016 0.244141 0.249458


1209 -0.791016 0.244141 0.249458


1210 -0.791016 0.244141 0.249458


1211 -0.791016 0.244141 0.249458


1212 -0.791016 0.244141 0.249458


1213 -0.791016 0.244141 0.249458


1214 -0.791016 0.244141 0.249458


1215 -0.791016 0.244141 0.249458


1216 -0.791016 0.244141 0.249458


1217 -0.791016 0.244141 0.249458


1218 -0.791016 0.244141 0.249458


1219 -0.791016 0.244141 0.249458


1220 -0.791016 0.244141 0.249458


1221 -0.791016 0.244141 0.249458


1222 -0.791016 0.244141 0.249458


1223 -0.791016 0.244141 0.249458


1224 -0.791016 0.244141 0.249458


1225 -0.791016 0.244141 0.249458


1226 -0.791016 0.244141 0.249458


1227 -0.791016 0.244141 0.249458


1228 -0.791016 0.244141 0.249458


1229 -0.791016 0.244141 0.249458


1230 -0.791016 0.244141 0.249458


1231 -0.791016 0.244141 0.249458


1232 -0.791016 0.244141 0.249458


1233 -0.791016 0.244141 0.249458


1234 -0.791016 0.244141 0.249458


1235 -0.791016 0.244141 0.249458


1236 -0.791016 0.244141 0.249458


1237 -0.791016 0.244141 0.249458


1238 -0.791016 0.244141 0.249458


1239 -0.791016 0.244141 0.249458


1240 -0.791016 0.244141 0.249458


1241 -0.791016 0.244141 0.249458


1242 -0.791016 0.244141 0.249458


1243 -0.791016 0.244141 0.249458


1244 -0.791016 0.244141 0.249458


1245 -0.791016 0.244141 0.249458


1246 -0.791016 0.244141 0.249458


1247 -0.791016 0.244141 0.249458


1248 -0.791016 0.244141 0.249458


1249 -0.791016 0.244141 0.249458


1250 -0.791016 0.244141 0.249458


1251 -0.791016 0.244141 0.249458


1252 -0.791016 0.244141 0.249458


1253 -0.791016 0.244141 0.249458


1254 -0.791016 0.244141 0.249458


1255 -0.791016 0.244141 0.249458


1256 -0.791016 0.244141 0.249458


1257 -0.791016 0.244141 0.249458


1258 -0.791016 0.244141 0.249458


1259 -0.791016 0.244141 0.249458


1260 -0.791016 0.244141 0.249458


1261 -0.791016 0.244141 0.249458


1262 -0.791016 0.244141 0.249458


1263 -0.791016 0.244141 0.249458


1264 -0.791016 0.244141 0.249458


1265 -0.791016 0.244141 0.249458


1266 -0.791016 0.244141 0.249458


1267 -0.791016 0.244141 0.249458


1268 -0.791016 0.244141 0.249458


1269 -0.791016 0.244141 0.249458


1270 -0.791016 0.244141 0.249458


1271 -0.791016 0.244141 0.249458


1272 -0.791016 0.244141 0.249458


1273 -0.791016 0.244141 0.249458


1274 -0.791016 0.244141 0.249458


1275 -0.791016 0.244141 0.249458


1276 -0.791016 0.244141 0.249458


1277 -0.791016 0.244141 0.249458


1278 -0.791016 0.244141 0.249458


1279 -0.791016 0.244141 0.249458


1280 -0.791016 0.244141 0.249458


1281 -0.791016 0.244141 0.249458


1282 -0.791016 0.244141 0.249458


1283 -0.791016 0.244141 0.249458


1284 -0.791016 0.244141 0.249458


1285 -0.791016 0.244141 0.249458


1286 -0.791016 0.244141 0.249458


1287 -0.791016 0.244141 0.249458


1288 -0.791016 0.244141 0.249458


1289 -0.791016 0.244141 0.249458


1290 -0.791016 0.244141 0.249458


1291 -0.791016 0.244141 0.249458


1292 -0.791016 0.244141 0.249458


1293 -0.791016 0.244141 0.249458


1294 -0.791016 0.244141 0.249458


1295 -0.791016 0.244141 0.249458


1296 -0.791016 0.244141 0.249458


1297 -0.791016 0.244141 0.249458


1298 -0.791016 0.244141 0.249458


1299 -0.791016 0.244141 0.249458


1300 -0.791016 0.244141 0.249458


1301 -0.791016 0.244141 0.249458


1302 -0.791016 0.244141 0.249458


1303 -0.791016 0.244141 0.249458


1304 -0.791016 0.244141 0.249458


1305 -0.791016 0.244141 0.249458


1306 -0.791016 0.244141 0.249458


1307 -0.791016 0.244141 0.249458


1308 -0.791016 0.244141 0.249458


1309 -0.791016 0.244141 0.249458


1310 -0.791016 0.244141 0.249458


1311 -0.791016 0.244141 0.249458


1312 -0.791016 0.244141 0.249458


1313 -0.791016 0.244141 0.249458


1314 -0.791016 0.244141 0.249458


1315 -0.791016 0.244141 0.249458


1316 -0.791016 0.244141 0.249458


1317 -0.791016 0.244141 0.249458


1318 -0.791016 0.244141 0.249458


1319 -0.791016 0.244141 0.249458


1320 -0.791016 0.244141 0.249458


1321 -0.791016 0.244141 0.249458


1322 -0.791016 0.244141 0.249458


1323 -0.791016 0.244141 0.249458


1324 -0.791016 0.244141 0.249458


1325 -0.791016 0.244141 0.249458


1326 -0.791016 0.244141 0.249458


1327 -0.791016 0.244141 0.249458


1328 -0.791016 0.244141 0.249458


1329 -0.791016 0.244141 0.249458


1330 -0.791016 0.244141 0.249458


1331 -0.791016 0.244141 0.249458


1332 -0.791016 0.244141 0.249458


1333 -0.791016 0.244141 0.249458


1334 -0.791016 0.244141 0.249458


1335 -0.791016 0.244141 0.249458


1336 -0.791016 0.244141 0.249458


1337 -0.791016 0.244141 0.249458


1338 -0.791016 0.244141 0.249458


1339 -0.791016 0.244141 0.249458


1340 -0.791016 0.244141 0.249458


1341 -0.791016 0.244141 0.249458


1342 -0.791016 0.244141 0.249458


1343 -0.791016 0.244141 0.249458


1344 -0.791016 0.244141 0.249458


1345 -0.791016 0.244141 0.249458


1346 -0.791016 0.244141 0.249458


1347 -0.791016 0.244141 0.249458


1348 -0.791016 0.244141 0.249458


1349 -0.791016 0.244141 0.249458


1350 -0.791016 0.244141 0.249458


1351 -0.791016 0.244141 0.249458


1352 -0.791016 0.244141 0.249458


1353 -0.791016 0.244141 0.249458


1354 -0.791016 0.244141 0.249458


1355 -0.791016 0.244141 0.249458


1356 -0.791016 0.244141 0.249458


1357 -0.791016 0.244141 0.249458


1358 -0.791016 0.244141 0.249458


1359 -0.791016 0.244141 0.249458


1360 -0.791016 0.244141 0.249458


1361 -0.791016 0.244141 0.249458


1362 -0.791016 0.244141 0.249458


1363 -0.791016 0.244141 0.249458


1364 -0.791016 0.244141 0.249458


1365 -0.791016 0.244141 0.249458


1366 -0.791016 0.244141 0.249458


1367 -0.791016 0.244141 0.249458


1368 -0.791016 0.244141 0.249458


1369 -0.791016 0.244141 0.249458


1370 -0.791016 0.244141 0.249458


1371 -0.791016 0.244141 0.249458


1372 -0.791016 0.244141 0.249458


1373 -0.791016 0.244141 0.249458


1374 -0.791016 0.244141 0.249458


1375 -0.791016 0.244141 0.249458


1376 -0.791016 0.244141 0.249458


1377 -0.791016 0.244141 0.249458


1378 -0.791016 0.244141 0.249458


1379 -0.791016 0.244141 0.249458


1380 -0.791016 0.244141 0.249458


1381 -0.791016 0.244141 0.249458


1382 -0.791016 0.244141 0.249458


1383 -0.791016 0.244141 0.249458


1384 -0.791016 0.244141 0.249458


1385 -0.788574 0.246582 0.249456


1386 -0.788574 0.246582 0.249456


1387 -0.788574 0.246582 0.249456


1388 -0.788574 0.246582 0.249456


1389 -0.791016 0.246582 0.249455


1390 -0.791016 0.246582 0.249455


1391 -0.791016 0.246582 0.249455


1392 -0.791016 0.246582 0.249455


1393 -0.791016 0.246582 0.249455


1394 -0.791016 0.246582 0.249455


1395 -0.791016 0.246582 0.249455


1396 -0.791016 0.246582 0.249455


1397 -0.791016 0.246582 0.249455


1398 -0.791016 0.246582 0.249455


1399 -0.791016 0.246582 0.249455


1400 -0.791016 0.246582 0.249455


1401 -0.791016 0.246582 0.249455


1402 -0.791016 0.246582 0.249455


1403 -0.791016 0.246582 0.249455


1404 -0.791016 0.246582 0.249455


1405 -0.791016 0.246582 0.249455


1406 -0.791016 0.246582 0.249455


1407 -0.791016 0.246582 0.249455


1408 -0.791016 0.246582 0.249455


1409 -0.791016 0.246582 0.249455


1410 -0.791016 0.246582 0.249455


1411 -0.791016 0.246582 0.249455


1412 -0.791016 0.246582 0.249455


1413 -0.791016 0.246582 0.249455


1414 -0.791016 0.246582 0.249455


1415 -0.791016 0.246582 0.249455


1416 -0.791016 0.246582 0.249455


1417 -0.791016 0.246582 0.249455


1418 -0.791016 0.246582 0.249455


1419 -0.791016 0.246582 0.249455


1420 -0.791016 0.246582 0.249455


1421 -0.791016 0.246582 0.249455


1422 -0.791016 0.246582 0.249455


1423 -0.791016 0.246582 0.249455


1424 -0.791016 0.246582 0.249455


1425 -0.791016 0.246582 0.249455


1426 -0.791016 0.246582 0.249455


1427 -0.791016 0.246582 0.249455


1428 -0.791016 0.246582 0.249455


1429 -0.791016 0.246582 0.249455


1430 -0.791016 0.246582 0.249455


1431 -0.791016 0.246582 0.249455


1432 -0.791016 0.246582 0.249455


1433 -0.791016 0.246582 0.249455


1434 -0.791016 0.246582 0.249455


1435 -0.791016 0.246582 0.249455


1436 -0.791016 0.246582 0.249455


1437 -0.791016 0.246582 0.249455


1438 -0.791016 0.246582 0.249455


1439 -0.791016 0.246582 0.249455


1440 -0.791016 0.246582 0.249455


1441 -0.791016 0.246582 0.249455


1442 -0.791016 0.246582 0.249455


1443 -0.791016 0.246582 0.249455


1444 -0.791016 0.246582 0.249455


1445 -0.791016 0.246582 0.249455


1446 -0.791016 0.246582 0.249455


1447 -0.791016 0.246582 0.249455


1448 -0.791016 0.246582 0.249455


1449 -0.791016 0.246582 0.249455


1450 -0.791016 0.246582 0.249455


1451 -0.791016 0.246582 0.249455


1452 -0.791016 0.246582 0.249455


1453 -0.791016 0.246582 0.249455


1454 -0.791016 0.246582 0.249455


1455 -0.791016 0.246582 0.249455


1456 -0.791016 0.246582 0.249455


1457 -0.791016 0.246582 0.249455


1458 -0.791016 0.246582 0.249455


1459 -0.791016 0.246582 0.249455


1460 -0.791016 0.246582 0.249455


1461 -0.791016 0.246582 0.249455


1462 -0.791016 0.246582 0.249455


1463 -0.791016 0.246582 0.249455


1464 -0.791016 0.246582 0.249455


1465 -0.791016 0.246582 0.249455


1466 -0.791016 0.246582 0.249455


1467 -0.791016 0.246582 0.249455


1468 -0.791016 0.246582 0.249455


1469 -0.791016 0.246582 0.249455


1470 -0.791016 0.246582 0.249455


1471 -0.791016 0.246582 0.249455


1472 -0.791016 0.246582 0.249455


1473 -0.791016 0.246582 0.249455


1474 -0.791016 0.246582 0.249455


1475 -0.791016 0.246582 0.249455


1476 -0.791016 0.246582 0.249455


1477 -0.791016 0.246582 0.249455


1478 -0.791016 0.246582 0.249455


1479 -0.791016 0.246582 0.249455


1480 -0.791016 0.246582 0.249455


1481 -0.791016 0.246582 0.249455


1482 -0.791016 0.246582 0.249455


1483 -0.791016 0.246582 0.249455


1484 -0.791016 0.246582 0.249455


1485 -0.791016 0.246582 0.249455


1486 -0.791016 0.246582 0.249455


1487 -0.791016 0.246582 0.249455


1488 -0.791016 0.246582 0.249455


1489 -0.791016 0.246582 0.249455


1490 -0.791016 0.246582 0.249455


1491 -0.791016 0.246582 0.249455


1492 -0.791016 0.246582 0.249455


1493 -0.791016 0.246582 0.249455


1494 -0.791016 0.246582 0.249455


1495 -0.791016 0.246582 0.249455


1496 -0.791016 0.246582 0.249455


1497 -0.791016 0.246582 0.249455


1498 -0.791016 0.246582 0.249455


1499 -0.791016 0.246582 0.249455


1500 -0.791016 0.246582 0.249455


1501 -0.791016 0.246582 0.249455


1502 -0.791016 0.246582 0.249455


1503 -0.791016 0.246582 0.249455


1504 -0.791016 0.246582 0.249455


1505 -0.791016 0.246582 0.249455


1506 -0.791016 0.246582 0.249455


1507 -0.791016 0.246582 0.249455


1508 -0.791016 0.246582 0.249455


1509 -0.791016 0.246582 0.249455


1510 -0.791016 0.246582 0.249455


1511 -0.791016 0.246582 0.249455


1512 -0.791016 0.246582 0.249455


1513 -0.791016 0.246582 0.249455


1514 -0.791016 0.246582 0.249455


1515 -0.791016 0.246582 0.249455


1516 -0.791016 0.246582 0.249455


1517 -0.791016 0.246582 0.249455


1518 -0.791016 0.246582 0.249455


1519 -0.791016 0.246582 0.249455


1520 -0.791016 0.246582 0.249455


1521 -0.791016 0.246582 0.249455


1522 -0.791016 0.246582 0.249455


1523 -0.791016 0.246582 0.249455


1524 -0.791016 0.246582 0.249455


1525 -0.791016 0.246582 0.249455


1526 -0.791016 0.246582 0.249455


1527 -0.791016 0.246582 0.249455


1528 -0.791016 0.246582 0.249455


1529 -0.791016 0.246582 0.249455


1530 -0.791016 0.246582 0.249455


1531 -0.791016 0.246582 0.249455


1532 -0.791016 0.246582 0.249455


1533 -0.791016 0.246582 0.249455


1534 -0.791016 0.246582 0.249455


1535 -0.791016 0.246582 0.249455


1536 -0.791016 0.246582 0.249455


1537 -0.791016 0.246582 0.249455


1538 -0.791016 0.246582 0.249455


1539 -0.791016 0.246582 0.249455


1540 -0.791016 0.246582 0.249455


1541 -0.791016 0.246582 0.249455


1542 -0.791016 0.246582 0.249455


1543 -0.791016 0.246582 0.249455


1544 -0.791016 0.246582 0.249455


1545 -0.791016 0.246582 0.249455


1546 -0.791016 0.246582 0.249455


1547 -0.791016 0.246582 0.249455


1548 -0.791016 0.246582 0.249455


1549 -0.791016 0.246582 0.249455


1550 -0.791016 0.246582 0.249455


1551 -0.791016 0.246582 0.249455


1552 -0.791016 0.246582 0.249455


1553 -0.791016 0.246582 0.249455


1554 -0.791016 0.246582 0.249455


1555 -0.791016 0.246582 0.249455


1556 -0.791016 0.246582 0.249455


1557 -0.791016 0.246582 0.249455


1558 -0.791016 0.246582 0.249455


1559 -0.791016 0.246582 0.249455


1560 -0.791016 0.246582 0.249455


1561 -0.791016 0.246582 0.249455


1562 -0.791016 0.246582 0.249455


1563 -0.791016 0.246582 0.249455


1564 -0.791016 0.246582 0.249455


1565 -0.791016 0.246582 0.249455


1566 -0.791016 0.246582 0.249455


1567 -0.791016 0.246582 0.249455


1568 -0.791016 0.246582 0.249455


1569 -0.791016 0.246582 0.249455


1570 -0.791016 0.246582 0.249455


1571 -0.791016 0.246582 0.249455


1572 -0.791016 0.246582 0.249455


1573 -0.791016 0.246582 0.249455


1574 -0.791016 0.246582 0.249455


1575 -0.791016 0.246582 0.249455


1576 -0.791016 0.246582 0.249455


1577 -0.791016 0.246582 0.249455


1578 -0.791016 0.246582 0.249455


1579 -0.791016 0.246582 0.249455


1580 -0.791016 0.246582 0.249455


1581 -0.791016 0.246582 0.249455


1582 -0.791016 0.246582 0.249455


1583 -0.791016 0.246582 0.249455


1584 -0.791016 0.246582 0.249455


1585 -0.791016 0.246582 0.249455


1586 -0.791016 0.246582 0.249455


1587 -0.791016 0.246582 0.249455


1588 -0.791016 0.246582 0.249455


1589 -0.791016 0.246582 0.249455


1590 -0.791016 0.246582 0.249455


1591 -0.791016 0.246582 0.249455


1592 -0.791016 0.246582 0.249455


1593 -0.791016 0.246582 0.249455


1594 -0.791016 0.246582 0.249455


1595 -0.791016 0.246582 0.249455


1596 -0.791016 0.246582 0.249455


1597 -0.791016 0.246582 0.249455


1598 -0.791016 0.246582 0.249455


1599 -0.791016 0.246582 0.249455


1600 -0.791016 0.246582 0.249455


1601 -0.791016 0.246582 0.249455


1602 -0.791016 0.246582 0.249455


1603 -0.791016 0.246582 0.249455


1604 -0.791016 0.246582 0.249455


1605 -0.791016 0.246582 0.249455


1606 -0.791016 0.246582 0.249455


1607 -0.791016 0.246582 0.249455


1608 -0.791016 0.246582 0.249455


1609 -0.791016 0.246582 0.249455


1610 -0.791016 0.246582 0.249455


1611 -0.791016 0.246582 0.249455


1612 -0.791016 0.246582 0.249455


1613 -0.791016 0.246582 0.249455


1614 -0.791016 0.246582 0.249455


1615 -0.791016 0.246582 0.249455


1616 -0.791016 0.246582 0.249455


1617 -0.791016 0.246582 0.249455


1618 -0.791016 0.246582 0.249455


1619 -0.791016 0.246582 0.249455


1620 -0.791016 0.246582 0.249455


1621 -0.791016 0.246582 0.249455


1622 -0.791016 0.246582 0.249455


1623 -0.791016 0.246582 0.249455


1624 -0.791016 0.246582 0.249455


1625 -0.791016 0.246582 0.249455


1626 -0.791016 0.246582 0.249455


1627 -0.791016 0.246582 0.249455


1628 -0.791016 0.246582 0.249455


1629 -0.791016 0.246582 0.249455


1630 -0.791016 0.246582 0.249455


1631 -0.791016 0.246582 0.249455


1632 -0.791016 0.246582 0.249455


1633 -0.791016 0.246582 0.249455


1634 -0.791016 0.246582 0.249455


1635 -0.791016 0.246582 0.249455


1636 -0.791016 0.246582 0.249455


1637 -0.791016 0.246582 0.249455


1638 -0.791016 0.246582 0.249455


1639 -0.791016 0.246582 0.249455


1640 -0.791016 0.246582 0.249455


1641 -0.791016 0.246582 0.249455


1642 -0.791016 0.246582 0.249455


1643 -0.791016 0.246582 0.249455


1644 -0.791016 0.246582 0.249455


1645 -0.791016 0.246582 0.249455


1646 -0.791016 0.246582 0.249455


1647 -0.791016 0.246582 0.249455


1648 -0.791016 0.246582 0.249455


1649 -0.791016 0.246582 0.249455


1650 -0.791016 0.246582 0.249455


1651 -0.791016 0.246582 0.249455


1652 -0.791016 0.246582 0.249455


1653 -0.791016 0.246582 0.249455


1654 -0.791016 0.246582 0.249455


1655 -0.791016 0.246582 0.249455


1656 -0.791016 0.246582 0.249455


1657 -0.791016 0.246582 0.249455


1658 -0.791016 0.246582 0.249455


1659 -0.791016 0.246582 0.249455


1660 -0.791016 0.246582 0.249455


1661 -0.791016 0.246582 0.249455


1662 -0.791016 0.246582 0.249455


1663 -0.791016 0.246582 0.249455


1664 -0.791016 0.246582 0.249455


1665 -0.791016 0.246582 0.249455


1666 -0.791016 0.246582 0.249455


1667 -0.791016 0.246582 0.249455


1668 -0.791016 0.246582 0.249455


1669 -0.791016 0.246582 0.249455


1670 -0.791016 0.246582 0.249455


1671 -0.791016 0.246582 0.249455


1672 -0.791016 0.246582 0.249455


1673 -0.791016 0.246582 0.249455


1674 -0.791016 0.246582 0.249455


1675 -0.791016 0.246582 0.249455


1676 -0.791016 0.246582 0.249455


1677 -0.791016 0.246582 0.249455


1678 -0.791016 0.246582 0.249455


1679 -0.791016 0.246582 0.249455


1680 -0.791016 0.246582 0.249455


1681 -0.791016 0.246582 0.249455


1682 -0.791016 0.246582 0.249455


1683 -0.791016 0.246582 0.249455


1684 -0.791016 0.246582 0.249455


1685 -0.791016 0.246582 0.249455


1686 -0.791016 0.246582 0.249455


1687 -0.791016 0.246582 0.249455


1688 -0.791016 0.246582 0.249455


1689 -0.791016 0.246582 0.249455


1690 -0.791016 0.246582 0.249455


1691 -0.791016 0.246582 0.249455


1692 -0.791016 0.246582 0.249455


1693 -0.791016 0.246582 0.249455


1694 -0.791016 0.246582 0.249455


1695 -0.791016 0.246582 0.249455


1696 -0.791016 0.246582 0.249455


1697 -0.791016 0.246582 0.249455


1698 -0.791016 0.246582 0.249455


1699 -0.791016 0.246582 0.249455


1700 -0.791016 0.246582 0.249455


1701 -0.791016 0.246582 0.249455


1702 -0.791016 0.246582 0.249455


1703 -0.791016 0.246582 0.249455


1704 -0.791016 0.246582 0.249455


1705 -0.791016 0.246582 0.249455


1706 -0.791016 0.246582 0.249455


1707 -0.791016 0.246582 0.249455


1708 -0.791016 0.246582 0.249455


1709 -0.791016 0.246582 0.249455


1710 -0.791016 0.246582 0.249455


1711 -0.791016 0.246582 0.249455


1712 -0.791016 0.246582 0.249455


1713 -0.791016 0.246582 0.249455


1714 -0.791016 0.246582 0.249455


1715 -0.791016 0.246582 0.249455


1716 -0.791016 0.246582 0.249455


1717 -0.791016 0.246582 0.249455


1718 -0.791016 0.246582 0.249455


1719 -0.791016 0.246582 0.249455


1720 -0.791016 0.246582 0.249455


1721 -0.791016 0.246582 0.249455


1722 -0.791016 0.246582 0.249455


1723 -0.791016 0.246582 0.249455


1724 -0.791016 0.246582 0.249455


1725 -0.791016 0.246582 0.249455


1726 -0.791016 0.246582 0.249455


1727 -0.791016 0.246582 0.249455


1728 -0.791016 0.246582 0.249455


1729 -0.791016 0.246582 0.249455


1730 -0.791016 0.246582 0.249455


1731 -0.791016 0.246582 0.249455


1732 -0.791016 0.246582 0.249455


1733 -0.791016 0.246582 0.249455


1734 -0.791016 0.246582 0.249455


1735 -0.791016 0.246582 0.249455


1736 -0.791016 0.246582 0.249455


1737 -0.791016 0.246582 0.249455


1738 -0.791016 0.246582 0.249455


1739 -0.791016 0.246582 0.249455


1740 -0.791016 0.246582 0.249455


1741 -0.791016 0.246582 0.249455


1742 -0.791016 0.246582 0.249455


1743 -0.791016 0.246582 0.249455


1744 -0.791016 0.246582 0.249455


1745 -0.791016 0.246582 0.249455


1746 -0.791016 0.246582 0.249455


1747 -0.791016 0.246582 0.249455


1748 -0.791016 0.246582 0.249455


1749 -0.791016 0.246582 0.249455


1750 -0.791016 0.246582 0.249455


1751 -0.791016 0.246582 0.249455


1752 -0.791016 0.246582 0.249455


1753 -0.791016 0.246582 0.249455


1754 -0.791016 0.246582 0.249455


1755 -0.791016 0.246582 0.249455


1756 -0.791016 0.246582 0.249455


1757 -0.791016 0.246582 0.249455


1758 -0.791016 0.246582 0.249455


1759 -0.791016 0.246582 0.249455


1760 -0.791016 0.246582 0.249455


1761 -0.791016 0.246582 0.249455


1762 -0.791016 0.246582 0.249455


1763 -0.791016 0.246582 0.249455


1764 -0.791016 0.246582 0.249455


1765 -0.791016 0.246582 0.249455


1766 -0.791016 0.246582 0.249455


1767 -0.791016 0.246582 0.249455


1768 -0.791016 0.246582 0.249455


1769 -0.791016 0.246582 0.249455


1770 -0.791016 0.246582 0.249455


1771 -0.791016 0.246582 0.249455


1772 -0.791016 0.246582 0.249455


1773 -0.791016 0.246582 0.249455


1774 -0.791016 0.246582 0.249455


1775 -0.791016 0.246582 0.249455


1776 -0.791016 0.246582 0.249455


1777 -0.791016 0.246582 0.249455


1778 -0.791016 0.246582 0.249455


1779 -0.791016 0.246582 0.249455


1780 -0.791016 0.246582 0.249455


1781 -0.791016 0.246582 0.249455


1782 -0.791016 0.246582 0.249455


1783 -0.791016 0.246582 0.249455


1784 -0.791016 0.246582 0.249455


1785 -0.791016 0.246582 0.249455


1786 -0.791016 0.246582 0.249455


1787 -0.791016 0.246582 0.249455


1788 -0.791016 0.246582 0.249455


1789 -0.791016 0.246582 0.249455


1790 -0.791016 0.246582 0.249455


1791 -0.791016 0.246582 0.249455


1792 -0.791016 0.246582 0.249455


1793 -0.791016 0.246582 0.249455


1794 -0.791016 0.246582 0.249455


1795 -0.791016 0.246582 0.249455


1796 -0.791016 0.246582 0.249455


1797 -0.791016 0.246582 0.249455


1798 -0.791016 0.246582 0.249455


1799 -0.791016 0.246582 0.249455


1800 -0.791016 0.246582 0.249455


1801 -0.791016 0.246582 0.249455


1802 -0.791016 0.246582 0.249455


1803 -0.791016 0.246582 0.249455


1804 -0.791016 0.246582 0.249455


1805 -0.791016 0.246582 0.249455


1806 -0.791016 0.246582 0.249455


1807 -0.791016 0.246582 0.249455


1808 -0.791016 0.246582 0.249455


1809 -0.791016 0.246582 0.249455


1810 -0.791016 0.246582 0.249455


1811 -0.791016 0.246582 0.249455


1812 -0.791016 0.246582 0.249455


1813 -0.791016 0.246582 0.249455


1814 -0.791016 0.246582 0.249455


1815 -0.791016 0.246582 0.249455


1816 -0.791016 0.246582 0.249455


1817 -0.791016 0.246582 0.249455


1818 -0.791016 0.246582 0.249455


1819 -0.791016 0.246582 0.249455


1820 -0.791016 0.246582 0.249455


1821 -0.791016 0.246582 0.249455


1822 -0.791016 0.246582 0.249455


1823 -0.791016 0.246582 0.249455


1824 -0.791016 0.246582 0.249455


1825 -0.791016 0.246582 0.249455


1826 -0.791016 0.246582 0.249455


1827 -0.791016 0.246582 0.249455


1828 -0.791016 0.246582 0.249455


1829 -0.791016 0.246582 0.249455


1830 -0.791016 0.246582 0.249455


1831 -0.791016 0.246582 0.249455


1832 -0.791016 0.246582 0.249455


1833 -0.791016 0.246582 0.249455


1834 -0.791016 0.246582 0.249455


1835 -0.791016 0.246582 0.249455


1836 -0.791016 0.246582 0.249455


1837 -0.791016 0.246582 0.249455


1838 -0.791016 0.246582 0.249455


1839 -0.791016 0.246582 0.249455


1840 -0.791016 0.246582 0.249455


1841 -0.791016 0.246582 0.249455


1842 -0.791016 0.246582 0.249455


1843 -0.791016 0.246582 0.249455


1844 -0.791016 0.246582 0.249455


1845 -0.791016 0.246582 0.249455


1846 -0.791016 0.246582 0.249455


1847 -0.791016 0.246582 0.249455


1848 -0.791016 0.246582 0.249455


1849 -0.791016 0.246582 0.249455


1850 -0.791016 0.246582 0.249455


1851 -0.791016 0.246582 0.249455


1852 -0.791016 0.246582 0.249455


1853 -0.791016 0.246582 0.249455


1854 -0.791016 0.246582 0.249455


1855 -0.791016 0.246582 0.249455


1856 -0.791016 0.246582 0.249455


1857 -0.791016 0.246582 0.249455


1858 -0.791016 0.246582 0.249455


1859 -0.791016 0.246582 0.249455


1860 -0.791016 0.246582 0.249455


1861 -0.791016 0.246582 0.249455


1862 -0.791016 0.246582 0.249455


1863 -0.791016 0.246582 0.249455


1864 -0.791016 0.246582 0.249455


1865 -0.791016 0.246582 0.249455


1866 -0.791016 0.246582 0.249455


1867 -0.791016 0.246582 0.249455


1868 -0.791016 0.246582 0.249455


1869 -0.791016 0.246582 0.249455


1870 -0.791016 0.246582 0.249455


1871 -0.791016 0.246582 0.249455


1872 -0.791016 0.246582 0.249455


1873 -0.791016 0.246582 0.249455


1874 -0.791016 0.246582 0.249455


1875 -0.791016 0.246582 0.249455


1876 -0.791016 0.246582 0.249455


1877 -0.791016 0.246582 0.249455


1878 -0.791016 0.246582 0.249455


1879 -0.791016 0.246582 0.249455


1880 -0.791016 0.246582 0.249455


1881 -0.791016 0.246582 0.249455


1882 -0.791016 0.246582 0.249455


1883 -0.791016 0.246582 0.249455


1884 -0.791016 0.246582 0.249455


1885 -0.791016 0.246582 0.249455


1886 -0.791016 0.246582 0.249455


1887 -0.791016 0.246582 0.249455


1888 -0.791016 0.246582 0.249455


1889 -0.791016 0.246582 0.249455


1890 -0.791016 0.246582 0.249455


1891 -0.791016 0.246582 0.249455


1892 -0.791016 0.246582 0.249455


1893 -0.791016 0.246582 0.249455


1894 -0.791016 0.246582 0.249455


1895 -0.791016 0.246582 0.249455


1896 -0.791016 0.246582 0.249455


1897 -0.791016 0.246582 0.249455


1898 -0.791016 0.246582 0.249455


1899 -0.791016 0.246582 0.249455


1900 -0.791016 0.246582 0.249455


1901 -0.791016 0.246582 0.249455


1902 -0.791016 0.246582 0.249455


1903 -0.791016 0.246582 0.249455


1904 -0.791016 0.246582 0.249455


1905 -0.791016 0.246582 0.249455


1906 -0.791016 0.246582 0.249455


1907 -0.791016 0.246582 0.249455


1908 -0.791016 0.246582 0.249455


1909 -0.791016 0.246582 0.249455


1910 -0.791016 0.246582 0.249455


1911 -0.791016 0.246582 0.249455


1912 -0.791016 0.246582 0.249455


1913 -0.791016 0.246582 0.249455


1914 -0.791016 0.246582 0.249455


1915 -0.791016 0.246582 0.249455


1916 -0.791016 0.246582 0.249455


1917 -0.791016 0.246582 0.249455


1918 -0.791016 0.246582 0.249455


1919 -0.791016 0.246582 0.249455


1920 -0.791016 0.246582 0.249455


1921 -0.791016 0.246582 0.249455


1922 -0.791016 0.246582 0.249455


1923 -0.791016 0.246582 0.249455


1924 -0.791016 0.246582 0.249455


1925 -0.791016 0.246582 0.249455


1926 -0.791016 0.246582 0.249455


1927 -0.791016 0.246582 0.249455


1928 -0.791016 0.246582 0.249455


1929 -0.791016 0.246582 0.249455


1930 -0.791016 0.246582 0.249455


1931 -0.791016 0.246582 0.249455


1932 -0.791016 0.246582 0.249455


1933 -0.791016 0.246582 0.249455


1934 -0.791016 0.246582 0.249455


1935 -0.791016 0.246582 0.249455


1936 -0.791016 0.246582 0.249455


1937 -0.791016 0.246582 0.249455


1938 -0.791016 0.246582 0.249455


1939 -0.791016 0.246582 0.249455


1940 -0.791016 0.246582 0.249455


1941 -0.791016 0.246582 0.249455


1942 -0.791016 0.246582 0.249455


1943 -0.791016 0.246582 0.249455


1944 -0.791016 0.246582 0.249455


1945 -0.791016 0.246582 0.249455


1946 -0.791016 0.246582 0.249455


1947 -0.791016 0.246582 0.249455


1948 -0.791016 0.246582 0.249455


1949 -0.791016 0.246582 0.249455


1950 -0.791016 0.246582 0.249455


1951 -0.791016 0.246582 0.249455


1952 -0.791016 0.246582 0.249455


1953 -0.791016 0.246582 0.249455


1954 -0.791016 0.246582 0.249455


1955 -0.791016 0.246582 0.249455


1956 -0.791016 0.246582 0.249455


1957 -0.791016 0.246582 0.249455


1958 -0.791016 0.246582 0.249455


1959 -0.791016 0.246582 0.249455


1960 -0.791016 0.246582 0.249455


1961 -0.791016 0.246582 0.249455


1962 -0.791016 0.246582 0.249455


1963 -0.791016 0.246582 0.249455


1964 -0.791016 0.246582 0.249455


1965 -0.791016 0.246582 0.249455


1966 -0.791016 0.246582 0.249455


1967 -0.791016 0.246582 0.249455


1968 -0.791016 0.246582 0.249455


1969 -0.791016 0.246582 0.249455


1970 -0.791016 0.246582 0.249455


1971 -0.791016 0.246582 0.249455


1972 -0.791016 0.246582 0.249455


1973 -0.791016 0.246582 0.249455


1974 -0.791016 0.246582 0.249455


1975 -0.791016 0.246582 0.249455


1976 -0.791016 0.246582 0.249455


1977 -0.791016 0.246582 0.249455


1978 -0.791016 0.246582 0.249455


1979 -0.791016 0.246582 0.249455


1980 -0.791016 0.246582 0.249455


1981 -0.791016 0.246582 0.249455


1982 -0.791016 0.246582 0.249455


1983 -0.791016 0.246582 0.249455


1984 -0.791016 0.246582 0.249455


1985 -0.791016 0.246582 0.249455


1986 -0.791016 0.246582 0.249455


1987 -0.791016 0.246582 0.249455


1988 -0.791016 0.246582 0.249455


1989 -0.791016 0.246582 0.249455


1990 -0.791016 0.246582 0.249455


1991 -0.791016 0.246582 0.249455


1992 -0.791016 0.246582 0.249455


1993 -0.791016 0.246582 0.249455


1994 -0.791016 0.246582 0.249455


1995 -0.791016 0.246582 0.249455


1996 -0.791016 0.246582 0.249455


1997 -0.791016 0.246582 0.249455


1998 -0.791016 0.246582 0.249455


1999 -0.791016 0.246582 0.249455


2000 -0.791016 0.246582 0.249455

